[01m[K/home/vihan/turtle_ws/src/qtros/src/main_window.cpp:170:40:[m[K [01;31m[Kerror: [m[Kno â€˜[01m[Kvoid qtros::MainWindow::showButtonTestMessage()[m[Kâ€™ member function declared in class â€˜[01m[Kqtros::MainWindow[m[Kâ€™
 void MainWindow::showButtonTestMessage() {
[01;32m[K                                        ^[m[K
[01m[K/home/vihan/turtle_ws/src/qtros/src/main_window.cpp:[m[K In member function â€˜[01m[Kvoid qtros::MainWindow::on_button_test_clicked(bool)[m[Kâ€™:
[01m[K/home/vihan/turtle_ws/src/qtros/src/main_window.cpp:184:23:[m[K [01;31m[Kerror: [m[Kâ€˜[01m[KshowTestButtonMessage[m[Kâ€™ was not declared in this scope
 showTestButtonMessage();
[01;32m[K                       ^[m[K
make[2]: *** [CMakeFiles/qtros.dir/src/main_window.cpp.o] Error 1
make[2]: *** Waiting for unfinished jobs....
make[1]: *** [CMakeFiles/qtros.dir/all] Error 2
make: *** [all] Error 2
