[35m[1mScanning dependencies of target qtros[0m
[  9%] [32mBuilding CXX object CMakeFiles/qtros.dir/src/main_window.cpp.o[0m
[01m[K/home/vihan/turtle_ws/src/qtros/src/main_window.cpp:[m[K In member function â€˜[01m[Kvoid qtros::MainWindow::moveLeft()[m[Kâ€™:
[01m[K/home/vihan/turtle_ws/src/qtros/src/main_window.cpp:91:3:[m[K [01;31m[Kerror: [m[Kâ€˜[01m[KmsgBox[m[Kâ€™ was not declared in this scope
   msgBox.setText("Left test ...");
[01;32m[K   ^[m[K
CMakeFiles/qtros.dir/build.make:106: recipe for target 'CMakeFiles/qtros.dir/src/main_window.cpp.o' failed
make[2]: *** [CMakeFiles/qtros.dir/src/main_window.cpp.o] Error 1
CMakeFiles/Makefile2:707: recipe for target 'CMakeFiles/qtros.dir/all' failed
make[1]: *** [CMakeFiles/qtros.dir/all] Error 2
Makefile:138: recipe for target 'all' failed
make: *** [all] Error 2
